<?xml version="1.0" encoding="UTF-8"?>
<coverage generated="1672594362062" clover="3.2.0">
  <project timestamp="1672594362063" name="All files">
    <metrics statements="71" coveredstatements="67" conditionals="40" coveredconditionals="33" methods="21" coveredmethods="21" elements="132" coveredelements="121" complexity="0" loc="71" ncloc="71" packages="2" files="7" classes="7"/>
    <package name="src">
      <metrics statements="32" coveredstatements="31" conditionals="15" coveredconditionals="13" methods="6" coveredmethods="6"/>
      <file name="compare.js" path="/home/runabal/frontend-project-46/src/compare.js">
        <metrics statements="15" coveredstatements="15" conditionals="10" coveredconditionals="10" methods="2" coveredmethods="2"/>
        <line num="3" count="1" type="stmt"/>
        <line num="4" count="30" type="stmt"/>
        <line num="5" count="30" type="stmt"/>
        <line num="6" count="30" type="stmt"/>
        <line num="8" count="30" type="stmt"/>
        <line num="9" count="108" type="cond" truecount="2" falsecount="0"/>
        <line num="10" count="30" type="stmt"/>
        <line num="16" count="78" type="cond" truecount="2" falsecount="0"/>
        <line num="17" count="12" type="stmt"/>
        <line num="24" count="66" type="cond" truecount="4" falsecount="0"/>
        <line num="25" count="24" type="stmt"/>
        <line num="31" count="42" type="cond" truecount="2" falsecount="0"/>
        <line num="32" count="24" type="stmt"/>
        <line num="39" count="18" type="stmt"/>
        <line num="45" count="30" type="stmt"/>
      </file>
      <file name="index.js" path="/home/runabal/frontend-project-46/src/index.js">
        <metrics statements="12" coveredstatements="12" conditionals="1" coveredconditionals="0" methods="3" coveredmethods="3"/>
        <line num="8" count="1" type="stmt"/>
        <line num="9" count="12" type="stmt"/>
        <line num="10" count="12" type="stmt"/>
        <line num="11" count="12" type="stmt"/>
        <line num="14" count="12" type="stmt"/>
        <line num="16" count="1" type="cond" truecount="0" falsecount="1"/>
        <line num="17" count="6" type="stmt"/>
        <line num="18" count="6" type="stmt"/>
        <line num="19" count="6" type="stmt"/>
        <line num="20" count="6" type="stmt"/>
        <line num="21" count="6" type="stmt"/>
        <line num="22" count="6" type="stmt"/>
      </file>
      <file name="parsers.js" path="/home/runabal/frontend-project-46/src/parsers.js">
        <metrics statements="5" coveredstatements="4" conditionals="4" coveredconditionals="3" methods="1" coveredmethods="1"/>
        <line num="3" count="1" type="stmt"/>
        <line num="4" count="12" type="cond" truecount="3" falsecount="1"/>
        <line num="6" count="6" type="stmt"/>
        <line num="9" count="6" type="stmt"/>
        <line num="11" count="0" type="stmt"/>
      </file>
    </package>
    <package name="src.formatters">
      <metrics statements="39" coveredstatements="36" conditionals="25" coveredconditionals="20" methods="15" coveredmethods="15"/>
      <file name="index.js" path="/home/runabal/frontend-project-46/src/formatters/index.js">
        <metrics statements="6" coveredstatements="5" conditionals="4" coveredconditionals="3" methods="1" coveredmethods="1"/>
        <line num="5" count="1" type="stmt"/>
        <line num="6" count="6" type="cond" truecount="3" falsecount="1"/>
        <line num="8" count="2" type="stmt"/>
        <line num="10" count="2" type="stmt"/>
        <line num="12" count="2" type="stmt"/>
        <line num="14" count="0" type="stmt"/>
      </file>
      <file name="json.js" path="/home/runabal/frontend-project-46/src/formatters/json.js">
        <metrics statements="1" coveredstatements="1" conditionals="0" coveredconditionals="0" methods="1" coveredmethods="1"/>
        <line num="1" count="2" type="stmt"/>
      </file>
      <file name="plain.js" path="/home/runabal/frontend-project-46/src/formatters/plain.js">
        <metrics statements="14" coveredstatements="13" conditionals="11" coveredconditionals="10" methods="6" coveredmethods="6"/>
        <line num="3" count="1" type="stmt"/>
        <line num="4" count="26" type="cond" truecount="2" falsecount="0"/>
        <line num="5" count="6" type="stmt"/>
        <line num="7" count="20" type="cond" truecount="2" falsecount="0"/>
        <line num="10" count="1" type="cond" truecount="1" falsecount="0"/>
        <line num="11" count="36" type="cond" truecount="5" falsecount="1"/>
        <line num="13" count="10" type="stmt"/>
        <line num="15" count="4" type="stmt"/>
        <line num="17" count="6" type="stmt"/>
        <line num="19" count="8" type="stmt"/>
        <line num="21" count="28" type="stmt"/>
        <line num="22" count="28" type="stmt"/>
        <line num="24" count="0" type="stmt"/>
        <line num="27" count="8" type="stmt"/>
      </file>
      <file name="stylish.js" path="/home/runabal/frontend-project-46/src/formatters/stylish.js">
        <metrics statements="18" coveredstatements="17" conditionals="10" coveredconditionals="7" methods="7" coveredmethods="7"/>
        <line num="3" count="1" type="stmt"/>
        <line num="10" count="1" type="stmt"/>
        <line num="11" count="84" type="stmt"/>
        <line num="12" count="84" type="stmt"/>
        <line num="15" count="1" type="cond" truecount="0" falsecount="1"/>
        <line num="16" count="54" type="cond" truecount="2" falsecount="0"/>
        <line num="17" count="40" type="stmt"/>
        <line num="19" count="14" type="stmt"/>
        <line num="20" count="14" type="stmt"/>
        <line num="21" count="18" type="stmt"/>
        <line num="23" count="14" type="stmt"/>
        <line num="26" count="1" type="cond" truecount="0" falsecount="1"/>
        <line num="27" count="36" type="cond" truecount="5" falsecount="1"/>
        <line num="31" count="20" type="stmt"/>
        <line num="33" count="8" type="stmt"/>
        <line num="35" count="28" type="stmt"/>
        <line num="37" count="0" type="stmt"/>
        <line num="41" count="8" type="stmt"/>
      </file>
    </package>
  </project>
</coverage>
