{"/home/runabal/frontend-project-46/src/compare.js": {"path":"/home/runabal/frontend-project-46/src/compare.js","statementMap":{"0":{"start":{"line":3,"column":14},"end":{"line":46,"column":1}},"1":{"start":{"line":4,"column":16},"end":{"line":4,"column":28}},"2":{"start":{"line":5,"column":16},"end":{"line":5,"column":28}},"3":{"start":{"line":6,"column":19},"end":{"line":6,"column":50}},"4":{"start":{"line":8,"column":17},"end":{"line":44,"column":4}},"5":{"start":{"line":9,"column":4},"end":{"line":15,"column":5}},"6":{"start":{"line":10,"column":6},"end":{"line":14,"column":8}},"7":{"start":{"line":16,"column":4},"end":{"line":23,"column":5}},"8":{"start":{"line":17,"column":6},"end":{"line":22,"column":8}},"9":{"start":{"line":24,"column":4},"end":{"line":30,"column":5}},"10":{"start":{"line":25,"column":6},"end":{"line":29,"column":8}},"11":{"start":{"line":31,"column":4},"end":{"line":38,"column":5}},"12":{"start":{"line":32,"column":6},"end":{"line":37,"column":8}},"13":{"start":{"line":39,"column":4},"end":{"line":43,"column":6}},"14":{"start":{"line":45,"column":2},"end":{"line":45,"column":16}}},"fnMap":{"0":{"name":"(anonymous_0)","decl":{"start":{"line":3,"column":14},"end":{"line":3,"column":15}},"loc":{"start":{"line":3,"column":30},"end":{"line":46,"column":1}},"line":3},"1":{"name":"(anonymous_1)","decl":{"start":{"line":8,"column":30},"end":{"line":8,"column":31}},"loc":{"start":{"line":8,"column":39},"end":{"line":44,"column":3}},"line":8}},"branchMap":{"0":{"loc":{"start":{"line":9,"column":4},"end":{"line":15,"column":5}},"type":"if","locations":[{"start":{"line":9,"column":4},"end":{"line":15,"column":5}},{"start":{},"end":{}}],"line":9},"1":{"loc":{"start":{"line":16,"column":4},"end":{"line":23,"column":5}},"type":"if","locations":[{"start":{"line":16,"column":4},"end":{"line":23,"column":5}},{"start":{},"end":{}}],"line":16},"2":{"loc":{"start":{"line":24,"column":4},"end":{"line":30,"column":5}},"type":"if","locations":[{"start":{"line":24,"column":4},"end":{"line":30,"column":5}},{"start":{},"end":{}}],"line":24},"3":{"loc":{"start":{"line":24,"column":8},"end":{"line":24,"column":54}},"type":"binary-expr","locations":[{"start":{"line":24,"column":8},"end":{"line":24,"column":29}},{"start":{"line":24,"column":33},"end":{"line":24,"column":54}}],"line":24},"4":{"loc":{"start":{"line":31,"column":4},"end":{"line":38,"column":5}},"type":"if","locations":[{"start":{"line":31,"column":4},"end":{"line":38,"column":5}},{"start":{},"end":{}}],"line":31}},"s":{"0":1,"1":60,"2":60,"3":60,"4":60,"5":216,"6":60,"7":156,"8":24,"9":132,"10":48,"11":84,"12":48,"13":36,"14":60},"f":{"0":60,"1":216},"b":{"0":[60,156],"1":[24,132],"2":[48,84],"3":[132,60],"4":[48,36]},"_coverageSchema":"1a1c01bbd47fc00a2c39e90264f33305004495a9","hash":"2720cef86afd25347a54fabaebe578fa356be5ae"}
,"/home/runabal/frontend-project-46/src/index.js": {"path":"/home/runabal/frontend-project-46/src/index.js","statementMap":{"0":{"start":{"line":8,"column":17},"end":{"line":12,"column":1}},"1":{"start":{"line":9,"column":19},"end":{"line":9,"column":56}},"2":{"start":{"line":10,"column":15},"end":{"line":10,"column":51}},"3":{"start":{"line":11,"column":2},"end":{"line":11,"column":14}},"4":{"start":{"line":14,"column":18},"end":{"line":14,"column":63}},"5":{"start":{"line":14,"column":32},"end":{"line":14,"column":63}},"6":{"start":{"line":16,"column":16},"end":{"line":21,"column":1}},"7":{"start":{"line":17,"column":16},"end":{"line":17,"column":64}},"8":{"start":{"line":18,"column":16},"end":{"line":18,"column":64}},"9":{"start":{"line":19,"column":22},"end":{"line":19,"column":41}},"10":{"start":{"line":20,"column":2},"end":{"line":20,"column":45}}},"fnMap":{"0":{"name":"(anonymous_0)","decl":{"start":{"line":8,"column":17},"end":{"line":8,"column":18}},"loc":{"start":{"line":8,"column":31},"end":{"line":12,"column":1}},"line":8},"1":{"name":"(anonymous_1)","decl":{"start":{"line":14,"column":18},"end":{"line":14,"column":19}},"loc":{"start":{"line":14,"column":32},"end":{"line":14,"column":63}},"line":14},"2":{"name":"(anonymous_2)","decl":{"start":{"line":16,"column":16},"end":{"line":16,"column":17}},"loc":{"start":{"line":16,"column":66},"end":{"line":21,"column":1}},"line":16}},"branchMap":{"0":{"loc":{"start":{"line":16,"column":39},"end":{"line":16,"column":61}},"type":"default-arg","locations":[{"start":{"line":16,"column":52},"end":{"line":16,"column":61}}],"line":16}},"s":{"0":1,"1":24,"2":24,"3":24,"4":1,"5":24,"6":1,"7":12,"8":12,"9":12,"10":12},"f":{"0":24,"1":24,"2":12},"b":{"0":[6]},"_coverageSchema":"1a1c01bbd47fc00a2c39e90264f33305004495a9","hash":"19f0b1307df69fc3a2a0cf14d16c9c399889d5b1"}
,"/home/runabal/frontend-project-46/src/parsers.js": {"path":"/home/runabal/frontend-project-46/src/parsers.js","statementMap":{"0":{"start":{"line":3,"column":14},"end":{"line":13,"column":1}},"1":{"start":{"line":4,"column":2},"end":{"line":12,"column":3}},"2":{"start":{"line":6,"column":6},"end":{"line":6,"column":30}},"3":{"start":{"line":9,"column":6},"end":{"line":9,"column":29}},"4":{"start":{"line":11,"column":6},"end":{"line":11,"column":41}}},"fnMap":{"0":{"name":"(anonymous_0)","decl":{"start":{"line":3,"column":14},"end":{"line":3,"column":15}},"loc":{"start":{"line":3,"column":32},"end":{"line":13,"column":1}},"line":3}},"branchMap":{"0":{"loc":{"start":{"line":4,"column":2},"end":{"line":12,"column":3}},"type":"switch","locations":[{"start":{"line":5,"column":4},"end":{"line":6,"column":30}},{"start":{"line":7,"column":4},"end":{"line":7,"column":15}},{"start":{"line":8,"column":4},"end":{"line":9,"column":29}},{"start":{"line":10,"column":4},"end":{"line":11,"column":41}}],"line":4}},"s":{"0":1,"1":24,"2":12,"3":12,"4":0},"f":{"0":24},"b":{"0":[12,12,12,0]},"_coverageSchema":"1a1c01bbd47fc00a2c39e90264f33305004495a9","hash":"0ca354c0f5248351fdb0d8d01596f254e2c47e0d"}
,"/home/runabal/frontend-project-46/src/formatters/index.js": {"path":"/home/runabal/frontend-project-46/src/formatters/index.js","statementMap":{"0":{"start":{"line":5,"column":19},"end":{"line":16,"column":1}},"1":{"start":{"line":6,"column":2},"end":{"line":15,"column":3}},"2":{"start":{"line":8,"column":6},"end":{"line":8,"column":27}},"3":{"start":{"line":10,"column":6},"end":{"line":10,"column":28}},"4":{"start":{"line":12,"column":6},"end":{"line":12,"column":24}},"5":{"start":{"line":14,"column":6},"end":{"line":14,"column":41}}},"fnMap":{"0":{"name":"(anonymous_0)","decl":{"start":{"line":5,"column":19},"end":{"line":5,"column":20}},"loc":{"start":{"line":5,"column":37},"end":{"line":16,"column":1}},"line":5}},"branchMap":{"0":{"loc":{"start":{"line":6,"column":2},"end":{"line":15,"column":3}},"type":"switch","locations":[{"start":{"line":7,"column":4},"end":{"line":8,"column":27}},{"start":{"line":9,"column":4},"end":{"line":10,"column":28}},{"start":{"line":11,"column":4},"end":{"line":12,"column":24}},{"start":{"line":13,"column":4},"end":{"line":14,"column":41}}],"line":6}},"s":{"0":1,"1":12,"2":8,"3":2,"4":2,"5":0},"f":{"0":12},"b":{"0":[8,2,2,0]},"_coverageSchema":"1a1c01bbd47fc00a2c39e90264f33305004495a9","hash":"433b8832dd2ef1b6452fc5387c2deccc852a8d5b"}
,"/home/runabal/frontend-project-46/src/formatters/json.js": {"path":"/home/runabal/frontend-project-46/src/formatters/json.js","statementMap":{"0":{"start":{"line":1,"column":25},"end":{"line":1,"column":45}}},"fnMap":{"0":{"name":"(anonymous_0)","decl":{"start":{"line":1,"column":15},"end":{"line":1,"column":16}},"loc":{"start":{"line":1,"column":25},"end":{"line":1,"column":45}},"line":1}},"branchMap":{},"s":{"0":2},"f":{"0":2},"b":{},"_coverageSchema":"1a1c01bbd47fc00a2c39e90264f33305004495a9","hash":"e0d58330fa88e3e00b86afe9868aa10d25b5ec81"}
,"/home/runabal/frontend-project-46/src/formatters/plain.js": {"path":"/home/runabal/frontend-project-46/src/formatters/plain.js","statementMap":{"0":{"start":{"line":3,"column":18},"end":{"line":8,"column":1}},"1":{"start":{"line":4,"column":2},"end":{"line":6,"column":3}},"2":{"start":{"line":5,"column":4},"end":{"line":5,"column":29}},"3":{"start":{"line":7,"column":2},"end":{"line":7,"column":55}},"4":{"start":{"line":10,"column":17},"end":{"line":26,"column":1}},"5":{"start":{"line":11,"column":2},"end":{"line":25,"column":3}},"6":{"start":{"line":13,"column":6},"end":{"line":13,"column":94}},"7":{"start":{"line":15,"column":6},"end":{"line":15,"column":59}},"8":{"start":{"line":17,"column":6},"end":{"line":17,"column":18}},"9":{"start":{"line":19,"column":6},"end":{"line":19,"column":129}},"10":{"start":{"line":21,"column":6},"end":{"line":22,"column":52}},"11":{"start":{"line":21,"column":42},"end":{"line":21,"column":82}},"12":{"start":{"line":22,"column":26},"end":{"line":22,"column":39}},"13":{"start":{"line":24,"column":6},"end":{"line":24,"column":39}},"14":{"start":{"line":28,"column":26},"end":{"line":28,"column":90}},"15":{"start":{"line":28,"column":52},"end":{"line":28,"column":69}}},"fnMap":{"0":{"name":"(anonymous_0)","decl":{"start":{"line":3,"column":18},"end":{"line":3,"column":19}},"loc":{"start":{"line":3,"column":28},"end":{"line":8,"column":1}},"line":3},"1":{"name":"(anonymous_1)","decl":{"start":{"line":10,"column":17},"end":{"line":10,"column":18}},"loc":{"start":{"line":10,"column":40},"end":{"line":26,"column":1}},"line":10},"2":{"name":"(anonymous_2)","decl":{"start":{"line":21,"column":31},"end":{"line":21,"column":32}},"loc":{"start":{"line":21,"column":42},"end":{"line":21,"column":82}},"line":21},"3":{"name":"(anonymous_3)","decl":{"start":{"line":22,"column":16},"end":{"line":22,"column":17}},"loc":{"start":{"line":22,"column":26},"end":{"line":22,"column":39}},"line":22},"4":{"name":"(anonymous_4)","decl":{"start":{"line":28,"column":15},"end":{"line":28,"column":16}},"loc":{"start":{"line":28,"column":26},"end":{"line":28,"column":90}},"line":28},"5":{"name":"(anonymous_5)","decl":{"start":{"line":28,"column":39},"end":{"line":28,"column":40}},"loc":{"start":{"line":28,"column":52},"end":{"line":28,"column":69}},"line":28}},"branchMap":{"0":{"loc":{"start":{"line":4,"column":2},"end":{"line":6,"column":3}},"type":"if","locations":[{"start":{"line":4,"column":2},"end":{"line":6,"column":3}},{"start":{},"end":{}}],"line":4},"1":{"loc":{"start":{"line":7,"column":9},"end":{"line":7,"column":54}},"type":"cond-expr","locations":[{"start":{"line":7,"column":36},"end":{"line":7,"column":47}},{"start":{"line":7,"column":50},"end":{"line":7,"column":54}}],"line":7},"2":{"loc":{"start":{"line":10,"column":24},"end":{"line":10,"column":35}},"type":"default-arg","locations":[{"start":{"line":10,"column":33},"end":{"line":10,"column":35}}],"line":10},"3":{"loc":{"start":{"line":11,"column":2},"end":{"line":25,"column":3}},"type":"switch","locations":[{"start":{"line":12,"column":4},"end":{"line":13,"column":94}},{"start":{"line":14,"column":4},"end":{"line":15,"column":59}},{"start":{"line":16,"column":4},"end":{"line":17,"column":18}},{"start":{"line":18,"column":4},"end":{"line":19,"column":129}},{"start":{"line":20,"column":4},"end":{"line":22,"column":52}},{"start":{"line":23,"column":4},"end":{"line":24,"column":39}}],"line":11}},"s":{"0":1,"1":26,"2":6,"3":20,"4":1,"5":36,"6":10,"7":4,"8":6,"9":8,"10":8,"11":28,"12":28,"13":0,"14":2,"15":8},"f":{"0":26,"1":36,"2":28,"3":28,"4":2,"5":8},"b":{"0":[6,20],"1":[14,6],"2":[8],"3":[10,4,6,8,8,0]},"_coverageSchema":"1a1c01bbd47fc00a2c39e90264f33305004495a9","hash":"102de466394eb0d2eeffd35074363fc3e473c0df"}
,"/home/runabal/frontend-project-46/src/formatters/stylish.js": {"path":"/home/runabal/frontend-project-46/src/formatters/stylish.js","statementMap":{"0":{"start":{"line":3,"column":16},"end":{"line":8,"column":1}},"1":{"start":{"line":10,"column":19},"end":{"line":13,"column":1}},"2":{"start":{"line":11,"column":14},"end":{"line":11,"column":17}},"3":{"start":{"line":12,"column":2},"end":{"line":12,"column":34}},"4":{"start":{"line":15,"column":18},"end":{"line":24,"column":1}},"5":{"start":{"line":16,"column":2},"end":{"line":18,"column":3}},"6":{"start":{"line":17,"column":4},"end":{"line":17,"column":16}},"7":{"start":{"line":19,"column":15},"end":{"line":19,"column":32}},"8":{"start":{"line":20,"column":18},"end":{"line":22,"column":3}},"9":{"start":{"line":21,"column":13},"end":{"line":21,"column":81}},"10":{"start":{"line":23,"column":2},"end":{"line":23,"column":60}},"11":{"start":{"line":26,"column":23},"end":{"line":39,"column":1}},"12":{"start":{"line":27,"column":2},"end":{"line":38,"column":3}},"13":{"start":{"line":31,"column":6},"end":{"line":31,"column":100}},"14":{"start":{"line":33,"column":6},"end":{"line":33,"column":189}},"15":{"start":{"line":35,"column":6},"end":{"line":35,"column":144}},"16":{"start":{"line":35,"column":78},"end":{"line":35,"column":105}},"17":{"start":{"line":37,"column":6},"end":{"line":37,"column":39}},"18":{"start":{"line":41,"column":28},"end":{"line":41,"column":96}},"19":{"start":{"line":41,"column":56},"end":{"line":41,"column":79}}},"fnMap":{"0":{"name":"(anonymous_0)","decl":{"start":{"line":10,"column":19},"end":{"line":10,"column":20}},"loc":{"start":{"line":10,"column":29},"end":{"line":13,"column":1}},"line":10},"1":{"name":"(anonymous_1)","decl":{"start":{"line":15,"column":18},"end":{"line":15,"column":19}},"loc":{"start":{"line":15,"column":38},"end":{"line":24,"column":1}},"line":15},"2":{"name":"(anonymous_2)","decl":{"start":{"line":21,"column":4},"end":{"line":21,"column":5}},"loc":{"start":{"line":21,"column":13},"end":{"line":21,"column":81}},"line":21},"3":{"name":"(anonymous_3)","decl":{"start":{"line":26,"column":23},"end":{"line":26,"column":24}},"loc":{"start":{"line":26,"column":43},"end":{"line":39,"column":1}},"line":26},"4":{"name":"(anonymous_4)","decl":{"start":{"line":35,"column":71},"end":{"line":35,"column":72}},"loc":{"start":{"line":35,"column":78},"end":{"line":35,"column":105}},"line":35},"5":{"name":"(anonymous_5)","decl":{"start":{"line":41,"column":15},"end":{"line":41,"column":16}},"loc":{"start":{"line":41,"column":28},"end":{"line":41,"column":96}},"line":41},"6":{"name":"(anonymous_6)","decl":{"start":{"line":41,"column":46},"end":{"line":41,"column":47}},"loc":{"start":{"line":41,"column":56},"end":{"line":41,"column":79}},"line":41}},"branchMap":{"0":{"loc":{"start":{"line":15,"column":25},"end":{"line":15,"column":33}},"type":"default-arg","locations":[{"start":{"line":15,"column":32},"end":{"line":15,"column":33}}],"line":15},"1":{"loc":{"start":{"line":16,"column":2},"end":{"line":18,"column":3}},"type":"if","locations":[{"start":{"line":16,"column":2},"end":{"line":18,"column":3}},{"start":{},"end":{}}],"line":16},"2":{"loc":{"start":{"line":26,"column":30},"end":{"line":26,"column":38}},"type":"default-arg","locations":[{"start":{"line":26,"column":37},"end":{"line":26,"column":38}}],"line":26},"3":{"loc":{"start":{"line":27,"column":2},"end":{"line":38,"column":3}},"type":"switch","locations":[{"start":{"line":28,"column":4},"end":{"line":28,"column":17}},{"start":{"line":29,"column":4},"end":{"line":29,"column":19}},{"start":{"line":30,"column":4},"end":{"line":31,"column":100}},{"start":{"line":32,"column":4},"end":{"line":33,"column":189}},{"start":{"line":34,"column":4},"end":{"line":35,"column":144}},{"start":{"line":36,"column":4},"end":{"line":37,"column":39}}],"line":27}},"s":{"0":1,"1":1,"2":336,"3":336,"4":1,"5":216,"6":160,"7":56,"8":56,"9":72,"10":56,"11":1,"12":144,"13":80,"14":32,"15":32,"16":112,"17":0,"18":8,"19":32},"f":{"0":336,"1":216,"2":72,"3":144,"4":112,"5":8,"6":32},"b":{"0":[0],"1":[160,56],"2":[0],"3":[40,56,80,32,32,0]},"_coverageSchema":"1a1c01bbd47fc00a2c39e90264f33305004495a9","hash":"58c54acdbcb92b896cef923a953e2c93703978f4"}
}
