TN:
SF:src/compare.js
FN:3,build
FNF:1
FNH:1
FNDA:1,build
DA:1,1
DA:2,1
DA:3,1
DA:4,1
DA:5,1
DA:6,1
DA:7,1
DA:8,5
DA:9,5
DA:10,5
DA:11,1
DA:12,1
DA:13,5
DA:14,1
DA:15,1
DA:16,1
DA:17,1
DA:18,1
DA:19,1
DA:20,1
DA:21,1
DA:22,1
DA:23,1
DA:24,1
DA:25,1
DA:26,1
DA:27,1
DA:28,1
DA:29,5
DA:30,1
DA:31,1
DA:32,5
DA:33,2
DA:34,2
DA:35,1
DA:36,1
DA:37,1
DA:38,1
DA:39,1
LF:39
LH:39
BRDA:3,0,0,1
BRDA:7,1,0,5
BRDA:10,2,0,4
BRDA:10,3,0,2
BRDA:10,4,0,1
BRDA:13,5,0,4
BRDA:13,6,0,2
BRDA:13,7,0,1
BRDA:29,8,0,1
BRDA:29,9,0,1
BRDA:32,10,0,4
BRDA:32,11,0,2
BRF:12
BRH:12
end_of_record
TN:
SF:src/index.js
FN:5,genDiff
FNF:1
FNH:1
FNDA:1,genDiff
DA:1,1
DA:2,1
DA:3,1
DA:4,1
DA:5,1
DA:6,1
DA:7,1
DA:8,1
DA:9,1
DA:10,1
DA:11,1
DA:12,1
DA:13,1
DA:14,1
DA:15,1
LF:15
LH:15
BRDA:5,0,0,1
BRF:1
BRH:1
end_of_record
TN:
SF:src/mapping.js
FN:1,mappingFile
FNF:1
FNH:1
FNDA:1,mappingFile
DA:1,1
DA:2,1
DA:3,1
DA:4,6
DA:5,6
DA:6,6
DA:7,6
DA:8,6
DA:9,1
DA:10,1
DA:11,1
DA:12,1
DA:13,1
LF:13
LH:13
BRDA:1,0,0,1
BRDA:3,1,0,6
BRDA:4,2,0,1
BRDA:5,3,0,2
BRDA:6,4,0,2
BRDA:6,5,0,1
BRDA:7,6,0,2
BRDA:7,7,0,1
BRDA:8,8,0,1
BRF:9
BRH:9
end_of_record
TN:
SF:src/readFile.js
FN:4,readFile
FNF:1
FNH:1
FNDA:2,readFile
DA:1,1
DA:2,1
DA:3,1
DA:4,1
DA:5,2
DA:6,2
DA:7,2
DA:8,2
DA:9,1
DA:10,1
LF:10
LH:10
BRDA:4,0,0,2
BRF:1
BRH:1
end_of_record
