TN:
SF:src/compare.js
FN:3,(anonymous_0)
FN:8,(anonymous_1)
FNF:2
FNH:2
FNDA:60,(anonymous_0)
FNDA:216,(anonymous_1)
DA:3,1
DA:4,60
DA:5,60
DA:6,60
DA:8,60
DA:9,216
DA:10,60
DA:16,156
DA:17,24
DA:24,132
DA:25,48
DA:31,84
DA:32,48
DA:39,36
DA:45,60
LF:15
LH:15
BRDA:9,0,0,60
BRDA:9,0,1,156
BRDA:16,1,0,24
BRDA:16,1,1,132
BRDA:24,2,0,48
BRDA:24,2,1,84
BRDA:24,3,0,132
BRDA:24,3,1,60
BRDA:31,4,0,48
BRDA:31,4,1,36
BRF:10
BRH:10
end_of_record
TN:
SF:src/index.js
FN:8,(anonymous_0)
FN:14,(anonymous_1)
FN:16,(anonymous_2)
FNF:3
FNH:3
FNDA:24,(anonymous_0)
FNDA:24,(anonymous_1)
FNDA:12,(anonymous_2)
DA:8,1
DA:9,24
DA:10,24
DA:11,24
DA:14,24
DA:16,1
DA:17,12
DA:18,12
DA:19,12
DA:20,12
LF:10
LH:10
BRDA:16,0,0,6
BRF:1
BRH:1
end_of_record
TN:
SF:src/parsers.js
FN:3,(anonymous_0)
FNF:1
FNH:1
FNDA:24,(anonymous_0)
DA:3,1
DA:4,24
DA:6,12
DA:9,12
DA:11,0
LF:5
LH:4
BRDA:4,0,0,12
BRDA:4,0,1,12
BRDA:4,0,2,12
BRDA:4,0,3,0
BRF:4
BRH:3
end_of_record
TN:
SF:src/formatters/index.js
FN:5,(anonymous_0)
FNF:1
FNH:1
FNDA:12,(anonymous_0)
DA:5,1
DA:6,12
DA:8,8
DA:10,2
DA:12,2
DA:14,0
LF:6
LH:5
BRDA:6,0,0,8
BRDA:6,0,1,2
BRDA:6,0,2,2
BRDA:6,0,3,0
BRF:4
BRH:3
end_of_record
TN:
SF:src/formatters/json.js
FN:1,(anonymous_0)
FNF:1
FNH:1
FNDA:2,(anonymous_0)
DA:1,2
LF:1
LH:1
BRF:0
BRH:0
end_of_record
TN:
SF:src/formatters/plain.js
FN:3,(anonymous_0)
FN:10,(anonymous_1)
FN:21,(anonymous_2)
FN:22,(anonymous_3)
FN:28,(anonymous_4)
FN:28,(anonymous_5)
FNF:6
FNH:6
FNDA:26,(anonymous_0)
FNDA:36,(anonymous_1)
FNDA:28,(anonymous_2)
FNDA:28,(anonymous_3)
FNDA:2,(anonymous_4)
FNDA:8,(anonymous_5)
DA:3,1
DA:4,26
DA:5,6
DA:7,20
DA:10,1
DA:11,36
DA:13,10
DA:15,4
DA:17,6
DA:19,8
DA:21,28
DA:22,28
DA:24,0
DA:28,8
LF:14
LH:13
BRDA:4,0,0,6
BRDA:4,0,1,20
BRDA:7,1,0,14
BRDA:7,1,1,6
BRDA:10,2,0,8
BRDA:11,3,0,10
BRDA:11,3,1,4
BRDA:11,3,2,6
BRDA:11,3,3,8
BRDA:11,3,4,8
BRDA:11,3,5,0
BRF:11
BRH:10
end_of_record
TN:
SF:src/formatters/stylish.js
FN:10,(anonymous_0)
FN:15,(anonymous_1)
FN:21,(anonymous_2)
FN:26,(anonymous_3)
FN:35,(anonymous_4)
FN:41,(anonymous_5)
FN:41,(anonymous_6)
FNF:7
FNH:7
FNDA:336,(anonymous_0)
FNDA:216,(anonymous_1)
FNDA:72,(anonymous_2)
FNDA:144,(anonymous_3)
FNDA:112,(anonymous_4)
FNDA:8,(anonymous_5)
FNDA:32,(anonymous_6)
DA:3,1
DA:10,1
DA:11,336
DA:12,336
DA:15,1
DA:16,216
DA:17,160
DA:19,56
DA:20,56
DA:21,72
DA:23,56
DA:26,1
DA:27,144
DA:31,80
DA:33,32
DA:35,112
DA:37,0
DA:41,32
LF:18
LH:17
BRDA:15,0,0,0
BRDA:16,1,0,160
BRDA:16,1,1,56
BRDA:26,2,0,0
BRDA:27,3,0,40
BRDA:27,3,1,56
BRDA:27,3,2,80
BRDA:27,3,3,32
BRDA:27,3,4,32
BRDA:27,3,5,0
BRF:10
BRH:7
end_of_record
